<?xml version="1.0" encoding="UTF-8"?>
<testsuite xmlns:xsi="http://www.w3.org/2001/XMLSchema-instance" xsi:noNamespaceSchemaLocation="https://maven.apache.org/surefire/maven-surefire-plugin/xsd/surefire-test-report.xsd" name="com.example.kafkaexample.service.holderServiceTest" time="1.965" tests="3" errors="0" skipped="0" failures="0">
  <properties>
[...]
</properties>
  <testcase name="shouldListAllHoldersCreates" classname="com.example.kafkaexample.service.holderServiceTest" time="0.048"/>
  <testcase name="shouldNotCreateHolderInvalid" classname="com.example.kafkaexample.service.holderServiceTest" time="0.072"/>
  <testcase name="shouldCreateValidHolder" classname="com.example.kafkaexample.service.holderServiceTest" time="0.019"/>
</testsuite>